Start testing: Nov 16 03:20 EST
----------------------------------------------------------
1/1 Testing: GenericHashingTest
1/1 Test: GenericHashingTest
Command: "/home/cyc/hashSmasher/bin/HashSmasherTest"
Directory: /home/cyc/hashSmasher/build
"GenericHashingTest" start time: Nov 16 03:20 EST
Output:
----------------------------------------------------------
<end of output>
Test time =   0.00 sec
----------------------------------------------------------
Test Passed.
"GenericHashingTest" end time: Nov 16 03:20 EST
"GenericHashingTest" time elapsed: 00:00:00
----------------------------------------------------------

End testing: Nov 16 03:20 EST
